2020-06-24 21:12:49 INFO  org.springframework.boot.StartupInfoLogger                                       Starting JustAGameTest on COMPOTIC with PID 10348 (started by Engineer in D:\javaProjects\just_a_game)
2020-06-24 21:12:49 DEBUG org.springframework.boot.StartupInfoLogger                                       Running with Spring Boot v2.3.0.RELEASE, Spring v5.2.6.RELEASE
2020-06-24 21:12:49 INFO  org.springframework.boot.SpringApplication                                       No active profile set, falling back to default profiles: default
2020-06-24 21:12:50 INFO  org.springframework.data.repository.config.RepositoryConfigurationDelegate       Multiple Spring Data modules found, entering strict repository configuration mode!
2020-06-24 21:12:50 INFO  org.springframework.data.repository.config.RepositoryConfigurationDelegate       Bootstrapping Spring Data MongoDB repositories in DEFAULT mode.
2020-06-24 21:12:50 INFO  org.springframework.data.repository.config.RepositoryConfigurationDelegate       Finished Spring Data repository scanning in 47ms. Found 1 MongoDB repository interfaces.
2020-06-24 21:12:50 INFO  org.springframework.context.support.PostProcessorRegistrationDelegate$BeanPostProcessorChecker Bean 'org.springframework.security.access.expression.method.DefaultMethodSecurityExpressionHandler@23121d3b' of type [org.springframework.security.access.expression.method.DefaultMethodSecurityExpressionHandler] is not eligible for getting processed by all BeanPostProcessors (for example: not eligible for auto-proxying)
2020-06-24 21:12:50 INFO  org.springframework.context.support.PostProcessorRegistrationDelegate$BeanPostProcessorChecker Bean 'methodSecurityMetadataSource' of type [org.springframework.security.access.method.DelegatingMethodSecurityMetadataSource] is not eligible for getting processed by all BeanPostProcessors (for example: not eligible for auto-proxying)
2020-06-24 21:12:50 INFO  org.hibernate.Version                                                            HHH000412: Hibernate ORM core version 5.4.15.Final
2020-06-24 21:12:51 INFO  org.hibernate.annotations.common.reflection.java.JavaReflectionManager           HCANN000001: Hibernate Commons Annotations {5.1.0.Final}
2020-06-24 21:12:51 WARN  org.hibernate.engine.jdbc.connections.internal.DriverManagerConnectionProviderImpl HHH10001002: Using Hibernate built-in connection pool (not for production use!)
2020-06-24 21:12:51 INFO  org.hibernate.engine.jdbc.connections.internal.DriverManagerConnectionProviderImpl HHH10001005: using driver [org.postgresql.Driver] at URL [jdbc:postgresql://localhost:6543/authentication]
2020-06-24 21:12:51 INFO  org.hibernate.engine.jdbc.connections.internal.DriverManagerConnectionProviderImpl HHH10001001: Connection properties: {user=just_a_game_user, password=****}
2020-06-24 21:12:51 INFO  org.hibernate.engine.jdbc.connections.internal.DriverManagerConnectionProviderImpl HHH10001003: Autocommit mode: false
2020-06-24 21:12:51 INFO  org.hibernate.engine.jdbc.connections.internal.DriverManagerConnectionProviderImpl$PooledConnections HHH000115: Hibernate connection pool size: 20 (min=1)
2020-06-24 21:12:51 INFO  org.hibernate.dialect.Dialect                                                    HHH000400: Using dialect: org.hibernate.dialect.PostgreSQL82Dialect
2020-06-24 21:12:52 INFO  org.hibernate.resource.transaction.backend.jdbc.internal.DdlTransactionIsolatorNonJtaImpl HHH10001501: Connection obtained from JdbcConnectionAccess [org.hibernate.engine.jdbc.env.internal.JdbcEnvironmentInitiator$ConnectionProviderJdbcConnectionAccess@71733251] for (non-JTA) DDL execution was not in auto-commit mode; the Connection 'local transaction' will be committed and the Connection will be set into auto-commit mode.
2020-06-24 21:12:52 INFO  org.hibernate.engine.transaction.jta.platform.internal.JtaPlatformInitiator      HHH000490: Using JtaPlatform implementation: [org.hibernate.engine.transaction.jta.platform.internal.NoJtaPlatform]
2020-06-24 21:12:52 INFO  com.mongodb.diagnostics.logging.SLF4JLogger                                      Cluster created with settings {hosts=[localhost:6546], mode=SINGLE, requiredClusterType=UNKNOWN, serverSelectionTimeout='30000 ms'}
2020-06-24 21:12:52 INFO  com.mongodb.diagnostics.logging.SLF4JLogger                                      Opened connection [connectionId{localValue:1, serverValue:6}] to localhost:6546
2020-06-24 21:12:52 INFO  com.mongodb.diagnostics.logging.SLF4JLogger                                      Monitor thread successfully connected to server with description ServerDescription{address=localhost:6546, type=STANDALONE, state=CONNECTED, ok=true, minWireVersion=0, maxWireVersion=8, maxDocumentSize=16777216, logicalSessionTimeoutMinutes=30, roundTripTimeNanos=4209100}
2020-06-24 21:12:52 DEBUG com.mokhovav.base_spring_boot_project.injectors.TrackingInjector                 START createFields
2020-06-24 21:12:52 DEBUG com.mokhovav.base_spring_boot_project.injectors.TrackingInjector                 STOP: createFields. Start at: 2020-06-24T21:12:52.565 Duration: 0s 4ms Value: null
2020-06-24 21:12:52 DEBUG com.mokhovav.base_spring_boot_project.injectors.TrackingInjector                 START createLineLinks
2020-06-24 21:12:52 DEBUG com.mokhovav.base_spring_boot_project.injectors.TrackingInjector                 STOP: createLineLinks. Start at: 2020-06-24T21:12:52.570 Duration: 0s 4ms Value: null
2020-06-24 21:12:52 DEBUG com.mokhovav.base_spring_boot_project.injectors.TrackingInjector                 START createSimpleDice
2020-06-24 21:12:52 DEBUG com.mokhovav.base_spring_boot_project.injectors.TrackingInjector                 STOP: createSimpleDice. Start at: 2020-06-24T21:12:52.576 Duration: 0s 3ms Value: null
2020-06-24 21:12:52 DEBUG com.mokhovav.base_spring_boot_project.injectors.TrackingInjector                 START convertToFile
2020-06-24 21:12:52 DEBUG com.mokhovav.base_spring_boot_project.injectors.TrackingInjector                 START convertToItemFileData
2020-06-24 21:12:52 DEBUG com.mokhovav.base_spring_boot_project.injectors.TrackingInjector                 STOP: convertToItemFileData. Start at: 2020-06-24T21:12:52.584 Duration: 0s 96ms Value: null
2020-06-24 21:12:52 DEBUG com.mokhovav.base_spring_boot_project.injectors.TrackingInjector                 START convertToItemFileData
2020-06-24 21:12:52 DEBUG com.mokhovav.base_spring_boot_project.injectors.TrackingInjector                 STOP: convertToItemFileData. Start at: 2020-06-24T21:12:52.681 Duration: 0s 0ms Value: null
2020-06-24 21:12:52 DEBUG com.mokhovav.base_spring_boot_project.injectors.TrackingInjector                 START convertToItemFileData
2020-06-24 21:12:52 DEBUG com.mokhovav.base_spring_boot_project.injectors.TrackingInjector                 STOP: convertToItemFileData. Start at: 2020-06-24T21:12:52.682 Duration: 0s 0ms Value: null
2020-06-24 21:12:52 DEBUG com.mokhovav.base_spring_boot_project.injectors.TrackingInjector                 START convertToItemFileData
2020-06-24 21:12:52 DEBUG com.mokhovav.base_spring_boot_project.injectors.TrackingInjector                 STOP: convertToItemFileData. Start at: 2020-06-24T21:12:52.682 Duration: 0s 0ms Value: null
2020-06-24 21:12:52 DEBUG com.mokhovav.base_spring_boot_project.injectors.TrackingInjector                 STOP: convertToFile. Start at: 2020-06-24T21:12:52.580 Duration: 0s 141ms Value: null
2020-06-24 21:12:52 DEBUG com.mokhovav.base_spring_boot_project.injectors.TrackingInjector                 START createFields
2020-06-24 21:12:52 DEBUG com.mokhovav.base_spring_boot_project.injectors.TrackingInjector                 STOP: createFields. Start at: 2020-06-24T21:12:52.980 Duration: 0s 0ms Value: null
2020-06-24 21:12:52 DEBUG com.mokhovav.base_spring_boot_project.injectors.TrackingInjector                 START createCircularLinks
2020-06-24 21:12:52 DEBUG com.mokhovav.base_spring_boot_project.injectors.TrackingInjector                 STOP: createCircularLinks. Start at: 2020-06-24T21:12:52.981 Duration: 0s 0ms Value: null
2020-06-24 21:12:52 DEBUG com.mokhovav.base_spring_boot_project.injectors.TrackingInjector                 START createSimpleDice
2020-06-24 21:12:52 DEBUG com.mokhovav.base_spring_boot_project.injectors.TrackingInjector                 STOP: createSimpleDice. Start at: 2020-06-24T21:12:52.982 Duration: 0s 0ms Value: null
2020-06-24 21:12:52 DEBUG com.mokhovav.base_spring_boot_project.injectors.TrackingInjector                 START createSimpleDice
2020-06-24 21:12:52 DEBUG com.mokhovav.base_spring_boot_project.injectors.TrackingInjector                 STOP: createSimpleDice. Start at: 2020-06-24T21:12:52.983 Duration: 0s 0ms Value: null
2020-06-24 21:12:52 DEBUG com.mokhovav.base_spring_boot_project.injectors.TrackingInjector                 START convertToFile
2020-06-24 21:12:52 DEBUG com.mokhovav.base_spring_boot_project.injectors.TrackingInjector                 START convertToItemFileData
2020-06-24 21:12:52 DEBUG com.mokhovav.base_spring_boot_project.injectors.TrackingInjector                 STOP: convertToItemFileData. Start at: 2020-06-24T21:12:52.985 Duration: 0s 0ms Value: null
2020-06-24 21:12:52 DEBUG com.mokhovav.base_spring_boot_project.injectors.TrackingInjector                 STOP: convertToFile. Start at: 2020-06-24T21:12:52.984 Duration: 0s 2ms Value: null
2020-06-24 21:12:52 DEBUG com.mokhovav.justAGame.monopoly.Monopoly                                         Error in Monopoly: .\maps\Monopoly.map (The system cannot find the path specified)
2020-06-24 21:12:52 DEBUG com.mokhovav.base_spring_boot_project.injectors.TrackingInjector                 START convertToFile
2020-06-24 21:12:52 DEBUG com.mokhovav.base_spring_boot_project.injectors.TrackingInjector                 STOP: convertToFile. Start at: 2020-06-24T21:12:52.992 Duration: 0s 2ms Value: null
2020-06-24 21:12:53 INFO  org.springframework.security.web.DefaultSecurityFilterChain                      Creating filter chain: any request, [org.springframework.security.web.context.request.async.WebAsyncManagerIntegrationFilter@4cec8837, org.springframework.security.web.context.SecurityContextPersistenceFilter@2b892c6, org.springframework.security.web.header.HeaderWriterFilter@46dcc106, org.springframework.security.web.csrf.CsrfFilter@7b5bb442, org.springframework.security.web.authentication.logout.LogoutFilter@17149439, org.springframework.security.web.authentication.UsernamePasswordAuthenticationFilter@6c63ffd8, org.springframework.security.web.savedrequest.RequestCacheAwareFilter@2f204e5c, org.springframework.security.web.servletapi.SecurityContextHolderAwareRequestFilter@2fa5254f, org.springframework.security.web.authentication.rememberme.RememberMeAuthenticationFilter@5451fdee, org.springframework.security.web.authentication.AnonymousAuthenticationFilter@6af8cb52, org.springframework.security.web.session.SessionManagementFilter@4bdbcc91, org.springframework.security.web.access.ExceptionTranslationFilter@199b3ac1, org.springframework.security.web.access.intercept.FilterSecurityInterceptor@3990d8e1]
2020-06-24 21:12:53 INFO  org.springframework.scheduling.concurrent.ExecutorConfigurationSupport           Initializing ExecutorService 'defaultSockJsTaskScheduler'
2020-06-24 21:12:53 INFO  org.springframework.scheduling.concurrent.ExecutorConfigurationSupport           Initializing ExecutorService 'clientInboundChannelExecutor'
2020-06-24 21:12:53 INFO  org.springframework.scheduling.concurrent.ExecutorConfigurationSupport           Initializing ExecutorService 'clientOutboundChannelExecutor'
2020-06-24 21:12:53 INFO  org.springframework.scheduling.concurrent.ExecutorConfigurationSupport           Initializing ExecutorService 'messageBrokerTaskScheduler'
2020-06-24 21:12:53 INFO  org.springframework.scheduling.concurrent.ExecutorConfigurationSupport           Initializing ExecutorService 'brokerChannelExecutor'
2020-06-24 21:12:53 INFO  org.springframework.boot.autoconfigure.web.servlet.WelcomePageHandlerMapping     Adding welcome page template: index
2020-06-24 21:12:54 INFO  org.springframework.core.log.CompositeLog                                        Starting...
2020-06-24 21:12:54 INFO  org.springframework.core.log.CompositeLog                                        BrokerAvailabilityEvent[available=true, SimpleBrokerMessageHandler [DefaultSubscriptionRegistry[cache[0 destination(s)], registry[0 sessions]]]]
2020-06-24 21:12:54 INFO  org.springframework.core.log.CompositeLog                                        Started.
2020-06-24 21:12:54 INFO  org.springframework.boot.StartupInfoLogger                                       Started JustAGameTest in 5.085 seconds (JVM running for 5.83)
2020-06-24 21:12:54 DEBUG com.mokhovav.JustAGameTest                                                       In JustAGameTest
2020-06-24 21:12:54 INFO  org.springframework.core.log.CompositeLog                                        Stopping...
2020-06-24 21:12:54 INFO  org.springframework.core.log.CompositeLog                                        BrokerAvailabilityEvent[available=false, SimpleBrokerMessageHandler [DefaultSubscriptionRegistry[cache[0 destination(s)], registry[0 sessions]]]]
2020-06-24 21:12:54 INFO  org.springframework.core.log.CompositeLog                                        Stopped.
2020-06-24 21:12:54 INFO  org.springframework.scheduling.concurrent.ExecutorConfigurationSupport           Shutting down ExecutorService 'brokerChannelExecutor'
2020-06-24 21:12:54 INFO  org.springframework.scheduling.concurrent.ExecutorConfigurationSupport           Shutting down ExecutorService 'messageBrokerTaskScheduler'
2020-06-24 21:12:54 INFO  org.springframework.scheduling.concurrent.ExecutorConfigurationSupport           Shutting down ExecutorService 'clientOutboundChannelExecutor'
2020-06-24 21:12:54 INFO  org.springframework.scheduling.concurrent.ExecutorConfigurationSupport           Shutting down ExecutorService 'clientInboundChannelExecutor'
2020-06-24 21:12:54 INFO  org.springframework.scheduling.concurrent.ExecutorConfigurationSupport           Shutting down ExecutorService 'defaultSockJsTaskScheduler'
2020-06-24 21:12:54 INFO  org.hibernate.engine.jdbc.connections.internal.DriverManagerConnectionProviderImpl$PoolState HHH10001008: Cleaning up connection pool [jdbc:postgresql://localhost:6543/authentication]
